Takephoto/build/intermediates/manifest_merge_blame_file/debug/manifest-merger-blame-debug-report.txt
1<?xml version="1.0" encoding="utf-8"?>
2<manifest xmlns:android="http://schemas.android.com/apk/res/android"
3    package="com.jph.takephoto"
4    android:versionCode="43"
5    android:versionName="4.0.3" >
6
7    <uses-sdk
8        android:minSdkVersion="17"
8-->src\main\AndroidManifest.xml
9        android:targetSdkVersion="28" />
9-->src\main\AndroidManifest.xml
10
11    <uses-permission android:name="android.permission.WRITE_EXTERNAL_STORAGE" />
11-->src\main\AndroidManifest.xml:5:5-81
11-->src\main\AndroidManifest.xml:5:22-78
12    <uses-permission android:name="android.permission.CAMERA" />
12-->src\main\AndroidManifest.xml:6:5-65
12-->src\main\AndroidManifest.xml:6:22-62
13
14    <application android:allowBackup="true" >
14-->src\main\AndroidManifest.xml:8:5-19:19
14-->src\main\AndroidManifest.xml:8:18-44
15        <activity android:name="com.soundcloud.android.crop.CropImageActivity" />
15-->src\main\AndroidManifest.xml:9:9-82
15-->src\main\AndroidManifest.xml:9:19-79
16
17        <provider
17-->src\main\AndroidManifest.xml:10:9-18:20
18            android:name="androidx.core.content.FileProvider"
18-->src\main\AndroidManifest.xml:11:13-62
19            android:authorities="dollar_openBracket_applicationId_closeBracket.fileprovider"
19-->src\main\AndroidManifest.xml:12:13-64
20            android:exported="false"
20-->src\main\AndroidManifest.xml:13:13-37
21            android:grantUriPermissions="true" >
21-->src\main\AndroidManifest.xml:14:13-47
22            <meta-data
22-->src\main\AndroidManifest.xml:15:13-17:55
23                android:name="android.support.FILE_PROVIDER_PATHS"
23-->src\main\AndroidManifest.xml:16:17-67
24                android:resource="@xml/file_paths1" />
24-->src\main\AndroidManifest.xml:17:17-52
25        </provider>
26    </application>
27
28</manifest>